d:\vscode\d2tweaks-rnd2k\build\debug\src\common\asm_code.obj
d:\vscode\d2tweaks-rnd2k\build\debug\src\common\hooking.obj
d:\vscode\d2tweaks-rnd2k\build\debug\src\diablo2\d2win.obj
d:\vscode\d2tweaks-rnd2k\build\debug\src\diablo2\d2gfx.obj
d:\vscode\d2tweaks-rnd2k\build\debug\src\diablo2\d2client.obj
d:\vscode\d2tweaks-rnd2k\build\debug\src\diablo2\d2common.obj
d:\vscode\d2tweaks-rnd2k\build\debug\src\diablo2\d2lang.obj
d:\vscode\d2tweaks-rnd2k\build\debug\src\diablo2\d2game.obj
d:\vscode\d2tweaks-rnd2k\build\debug\src\diablo2\d2net.obj
d:\vscode\d2tweaks-rnd2k\build\debug\src\d2tweaks\ui\controls\checkbox.obj
d:\vscode\d2tweaks-rnd2k\build\debug\src\d2tweaks\ui\controls\image.obj
d:\vscode\d2tweaks-rnd2k\build\debug\src\d2tweaks\ui\controls\label.obj
d:\vscode\d2tweaks-rnd2k\build\debug\src\d2tweaks\ui\controls\button.obj
d:\vscode\d2tweaks-rnd2k\build\debug\src\d2tweaks\client\modules\loot_filter\loot_filter.obj
d:\vscode\d2tweaks-rnd2k\build\debug\src\d2tweaks\client\modules\loot_filter\loot_filter_settings_toggle_menu.obj
d:\vscode\d2tweaks-rnd2k\build\debug\src\d2tweaks\client\modules\loot_filter\loot_filter_settings_menu.obj
d:\vscode\d2tweaks-rnd2k\build\debug\src\common\string_utils.obj
d:\vscode\d2tweaks-rnd2k\build\debug\src\common\config.obj
d:\vscode\d2tweaks-rnd2k\build\debug\src\common\ini.obj
d:\vscode\d2tweaks-rnd2k\build\debug\vc143.pdb
d:\vscode\d2tweaks-rnd2k\build\debug\src\d2tweaks\client\modules\client_module.obj
d:\vscode\d2tweaks-rnd2k\build\debug\src\d2tweaks\client\modules\small_patches\small_patches.obj
d:\vscode\d2tweaks-rnd2k\build\debug\src\d2tweaks\common\common.obj
d:\vscode\d2tweaks-rnd2k\build\debug\src\d2tweaks\common\asset_manager.obj
d:\vscode\d2tweaks-rnd2k\build\debug\src\d2tweaks\server\modules\server_module.obj
d:\vscode\d2tweaks-rnd2k\build\debug\src\d2tweaks\server\server.obj
d:\vscode\d2tweaks-rnd2k\build\debug\src\d2tweaks\ui\controls\group.obj
d:\vscode\d2tweaks-rnd2k\build\debug\src\d2tweaks\ui\menu.obj
d:\vscode\d2tweaks-rnd2k\build\debug\src\d2tweaks\ui\ui_manager.obj
d:\vscode\d2tweaks-rnd2k\build\debug\src\diablo2\d2launch.obj
d:\vscode\d2tweaks-rnd2k\build\debug\src\diablo2\fog.obj
d:\vscode\d2tweaks-rnd2k\build\debug\src\diablo2\storm.obj
d:\vscode\d2tweaks-rnd2k\build\debug\src\diablo2\d2cmp.obj
d:\vscode\d2tweaks-rnd2k\build\debug\src\diablo2\utils\mpq_ifstream.obj
d:\vscode\d2tweaks-rnd2k\build\debug\src\diablo2\utils\screen.obj
d:\vscode\d2tweaks-rnd2k\build\debug\src\main.obj
d:\vscode\d2tweaks-rnd2k\build\debug\vendor\d2template\d2template.obj
d:\vscode\d2tweaks-rnd2k\build\debug\vendor\dllnotify\dllnotify.obj
d:\vscode\d2tweaks-rnd2k\build\debug\vendor\minhook\src\buffer.obj
d:\vscode\d2tweaks-rnd2k\build\debug\vendor\minhook\src\hook.obj
d:\vscode\d2tweaks-rnd2k\build\debug\vendor\minhook\src\trampoline.obj
d:\vscode\d2tweaks-rnd2k\build\debug\vendor\minhook\src\hde\hde32.obj
d:\vscode\d2tweaks-rnd2k\build\debug\vendor\minhook\src\hde\hde64.obj
d:\vscode\d2tweaks-rnd2k\build\debug\src\d2tweaks\client\client.obj
d:\vscode\d2tweaks-rnd2k\build\debug\src\d2tweaks\client\modules\autosort\autosort_client.obj
d:\vscode\d2tweaks-rnd2k\build\debug\src\d2tweaks\client\modules\auto_gold_pickup\auto_gold_pickup_client.obj
d:\vscode\d2tweaks-rnd2k\build\debug\src\d2tweaks\client\modules\auto_item_pickup\auto_item_pickup_client.obj
d:\vscode\d2tweaks-rnd2k\build\debug\src\d2tweaks\client\modules\damage_display\damage_display_client.obj
d:\vscode\d2tweaks-rnd2k\build\debug\src\d2tweaks\client\modules\item_drop_message\item_drop_message_client.obj
d:\vscode\d2tweaks-rnd2k\build\debug\src\d2tweaks\client\modules\item_move\item_move_client.obj
d:\vscode\d2tweaks-rnd2k\build\debug\src\d2tweaks\client\modules\loot_filter\loot_filter_settings.obj
d:\vscode\d2tweaks-rnd2k\build\debug\src\d2tweaks\client\modules\test\test.obj
d:\vscode\d2tweaks-rnd2k\build\debug\src\d2tweaks\client\modules\trader_update\trader_update_client.obj
d:\vscode\d2tweaks-rnd2k\build\debug\src\d2tweaks\client\modules\transmute\transmute_client.obj
d:\vscode\d2tweaks-rnd2k\build\debug\src\d2tweaks\server\modules\autosort\autosort_server.obj
d:\vscode\d2tweaks-rnd2k\build\debug\src\d2tweaks\server\modules\auto_gold_pickup\auto_gold_pickup_server.obj
d:\vscode\d2tweaks-rnd2k\build\debug\src\d2tweaks\server\modules\auto_item_pickup\auto_item_pickup_server.obj
d:\vscode\d2tweaks-rnd2k\build\debug\src\d2tweaks\server\modules\damage_display\damage_display_server.obj
d:\vscode\d2tweaks-rnd2k\build\debug\src\d2tweaks\server\modules\identify_on_pickup\identify_on_pickup_server.obj
d:\vscode\d2tweaks-rnd2k\build\debug\src\d2tweaks\server\modules\item_drop_message\item_drop_message_server.obj
d:\vscode\d2tweaks-rnd2k\build\debug\src\d2tweaks\server\modules\item_move\item_move_server.obj
d:\vscode\d2tweaks-rnd2k\build\debug\src\d2tweaks\server\modules\test\test.obj
d:\vscode\d2tweaks-rnd2k\build\debug\src\d2tweaks\server\modules\trader_update\trader_update_server.obj
d:\vscode\d2tweaks-rnd2k\build\debug\src\d2tweaks\server\modules\transmute\transmute_server.obj
d:\diablo ii\mods\ironman-dev\d2tweaks.dll
d:\diablo ii\mods\ironman-dev\d2tweaks.pdb
d:\vscode\d2tweaks-rnd2k\build\debug\d2tweaks.ilk
d:\vscode\d2tweaks-rnd2k\build\debug\d2tweaks.pdb
d:\vscode\d2tweaks-rnd2k\build\debug\d2tweaks.vcxproj.filelistabsolute.txt
d:\vscode\d2tweaks-rnd2k\build\debug\d2tweaks.tlog\cl.command.1.tlog
d:\vscode\d2tweaks-rnd2k\build\debug\d2tweaks.tlog\cl.items.tlog
d:\vscode\d2tweaks-rnd2k\build\debug\d2tweaks.tlog\cl.read.1.tlog
d:\vscode\d2tweaks-rnd2k\build\debug\d2tweaks.tlog\cl.write.1.tlog
d:\vscode\d2tweaks-rnd2k\build\debug\d2tweaks.tlog\link.command.1.tlog
d:\vscode\d2tweaks-rnd2k\build\debug\d2tweaks.tlog\link.read.1.tlog
d:\vscode\d2tweaks-rnd2k\build\debug\d2tweaks.tlog\link.secondary.1.tlog
d:\vscode\d2tweaks-rnd2k\build\debug\d2tweaks.tlog\link.write.1.tlog
